2026-02-05T19:34:53 BASELINE roll=1.571 pitch=-0.014 yaw=-0.014
2026-02-05T19:34:57 DEBUG TARGET_LOCKED
2026-02-05T19:34:57 DEBUG APPROACH yellow=0.0158 dist=2.5
2026-02-05T19:34:58 DEBUG APPROACH yellow=0.0150 dist=2.5
2026-02-05T19:34:59 DEBUG APPROACH yellow=0.0167 dist=2.5
2026-02-05T19:34:59 DEBUG APPROACH yellow=0.0208 dist=2.5
2026-02-05T19:35:00 DEBUG APPROACH yellow=0.0192 dist=2.5
2026-02-05T19:35:01 DEBUG APPROACH yellow=0.0067 dist=2.5
2026-02-05T19:35:01 DEBUG LOST_TARGET -> SEARCH
2026-02-05T19:36:38 BASELINE roll=1.571 pitch=-0.014 yaw=-0.014
2026-02-05T19:36:43 DEBUG TARGET_LOCKED
2026-02-05T19:36:43 DEBUG APPROACH yellow=0.0167 dist=2.5
2026-02-05T19:36:44 DEBUG APPROACH yellow=0.0117 dist=2.5
2026-02-05T19:36:44 DEBUG APPROACH yellow=0.0167 dist=2.5
2026-02-05T19:36:45 DEBUG APPROACH yellow=0.0192 dist=2.5
2026-02-05T19:36:45 DEBUG APPROACH yellow=0.0183 dist=2.5
2026-02-05T19:36:46 DEBUG APPROACH yellow=0.0067 dist=2.5
2026-02-05T19:36:47 DEBUG LOST_TARGET -> SEARCH
2026-02-05T19:37:50 BASELINE roll=1.571 pitch=-0.014 yaw=-0.014
2026-02-05T19:37:54 DEBUG TARGET_LOCKED
2026-02-05T19:37:54 DEBUG APPROACH yellow=0.0167 dist=2.5
2026-02-05T19:37:55 DEBUG APPROACH yellow=0.0117 dist=2.5
2026-02-05T19:37:56 DEBUG APPROACH yellow=0.0167 dist=2.5
2026-02-05T19:37:56 DEBUG APPROACH yellow=0.0192 dist=2.5
2026-02-05T19:37:57 DEBUG APPROACH yellow=0.0183 dist=2.5
2026-02-05T19:37:57 DEBUG APPROACH yellow=0.0067 dist=2.5
2026-02-05T19:37:58 DEBUG LOST_TARGET -> SEARCH
2026-02-05T19:38:09 BASELINE roll=1.571 pitch=-0.014 yaw=-0.014
2026-02-05T19:38:13 DEBUG TARGET_LOCKED
2026-02-05T19:38:14 DEBUG APPROACH yellow=0.0167 dist=2.5
2026-02-05T19:38:14 DEBUG APPROACH yellow=0.0117 dist=2.5
2026-02-05T19:38:15 DEBUG APPROACH yellow=0.0167 dist=2.5
2026-02-05T19:38:16 DEBUG APPROACH yellow=0.0192 dist=2.5
2026-02-05T19:38:16 DEBUG APPROACH yellow=0.0183 dist=2.5
2026-02-05T19:38:17 DEBUG APPROACH yellow=0.0067 dist=2.5
2026-02-05T19:38:17 DEBUG LOST_TARGET -> SEARCH
2026-02-05T19:38:24 BASELINE roll=1.571 pitch=-0.014 yaw=-0.014
2026-02-05T19:38:34 BASELINE roll=1.571 pitch=-0.014 yaw=-0.014
2026-02-05T19:38:38 DEBUG TARGET_LOCKED
2026-02-05T19:38:38 DEBUG APPROACH yellow=0.0167 dist=2.5
2026-02-05T19:38:39 DEBUG APPROACH yellow=0.0117 dist=2.5
2026-02-05T19:38:39 DEBUG APPROACH yellow=0.0167 dist=2.5
2026-02-05T19:38:40 DEBUG APPROACH yellow=0.0192 dist=2.5
2026-02-05T19:38:41 DEBUG APPROACH yellow=0.0183 dist=2.5
2026-02-05T19:38:41 DEBUG APPROACH yellow=0.0067 dist=2.5
2026-02-05T19:38:42 DEBUG LOST_TARGET -> SEARCH
2026-02-05T19:38:42 DEBUG TRACK_LOST lowering pitch=1.20
2026-02-05T19:38:42 DEBUG TRACK_LOST lowering pitch=1.20
2026-02-05T19:38:43 DEBUG TRACK_LOST lowering pitch=1.20
2026-02-05T19:38:43 DEBUG TRACK_LOST lowering pitch=1.20
2026-02-05T19:38:43 DEBUG TRACK_LOST lowering pitch=1.20
2026-02-05T19:38:43 DEBUG TRACK_LOST lowering pitch=1.20
2026-02-05T19:38:44 DEBUG TRACK_LOST lowering pitch=1.20
2026-02-05T19:38:44 DEBUG TRACK_LOST lowering pitch=1.20
2026-02-05T19:38:45 DEBUG TRACK_LOST lowering pitch=1.20
2026-02-05T19:38:45 DEBUG TRACK_LOST lowering pitch=1.20
2026-02-05T19:38:45 DEBUG TRACK_LOST lowering pitch=1.20
2026-02-05T19:38:45 DEBUG TRACK_LOST lowering pitch=1.20
2026-02-05T19:38:46 DEBUG TRACK_LOST lowering pitch=1.20
2026-02-05T19:38:46 DEBUG TRACK_LOST lowering pitch=1.20
2026-02-05T19:38:47 DEBUG TRACK_LOST lowering pitch=1.20
2026-02-05T19:38:47 DEBUG TRACK_LOST lowering pitch=1.20
2026-02-05T19:38:47 DEBUG TRACK_LOST lowering pitch=1.20
2026-02-05T19:38:47 DEBUG TRACK_LOST lowering pitch=1.20
2026-02-05T19:38:48 DEBUG TRACK_LOST lowering pitch=1.20
2026-02-05T19:38:48 DEBUG TRACK_LOST lowering pitch=1.20
2026-02-05T19:38:49 DEBUG TRACK_LOST lowering pitch=1.20
2026-02-05T19:38:49 DEBUG TRACK_LOST lowering pitch=1.20
2026-02-05T19:38:49 DEBUG TRACK_LOST lowering pitch=1.20
2026-02-05T19:38:49 DEBUG TRACK_LOST lowering pitch=1.20
2026-02-05T19:39:17 BASELINE roll=1.571 pitch=-0.014 yaw=-0.014
2026-02-05T19:39:21 DEBUG TARGET_LOCKED
2026-02-05T19:39:21 DEBUG APPROACH yellow=0.0167 dist=2.5
2026-02-05T19:39:22 DEBUG APPROACH yellow=0.0117 dist=2.5
2026-02-05T19:39:23 DEBUG APPROACH yellow=0.0167 dist=2.5
2026-02-05T19:39:23 DEBUG APPROACH yellow=0.0192 dist=2.5
2026-02-05T19:39:24 DEBUG APPROACH yellow=0.0183 dist=2.5
2026-02-05T19:39:25 DEBUG APPROACH yellow=0.0067 dist=2.5
2026-02-05T19:39:25 DEBUG LOST_TARGET -> SEARCH
2026-02-05T19:39:25 DEBUG TRACK_LOST lowering pitch=1.50
2026-02-05T19:39:25 DEBUG TRACK_LOST lowering pitch=1.50
2026-02-05T19:39:26 DEBUG TRACK_LOST lowering pitch=1.50
2026-02-05T19:39:26 DEBUG TRACK_LOST lowering pitch=1.50
2026-02-05T19:39:26 DEBUG TRACK_LOST lowering pitch=1.50
2026-02-05T19:39:26 DEBUG TRACK_LOST lowering pitch=1.50
2026-02-05T19:39:27 DEBUG TRACK_LOST lowering pitch=1.50
2026-02-05T19:39:27 DEBUG TRACK_LOST lowering pitch=1.50
2026-02-05T19:39:28 DEBUG TRACK_LOST lowering pitch=1.50
2026-02-05T19:39:28 DEBUG TRACK_LOST lowering pitch=1.50
2026-02-05T19:39:28 DEBUG TRACK_LOST lowering pitch=1.50
2026-02-05T19:39:28 DEBUG TRACK_LOST lowering pitch=1.50
2026-02-05T19:39:29 DEBUG TRACK_LOST lowering pitch=1.50
2026-02-05T19:39:29 DEBUG TRACK_LOST lowering pitch=1.50
2026-02-05T19:39:30 DEBUG TRACK_LOST lowering pitch=1.50
2026-02-05T19:39:30 DEBUG TRACK_LOST lowering pitch=1.50
2026-02-05T19:39:30 DEBUG TRACK_LOST lowering pitch=1.50
2026-02-05T19:39:30 DEBUG TRACK_LOST lowering pitch=1.50
2026-02-05T19:39:31 DEBUG TRACK_LOST lowering pitch=1.50
2026-02-05T19:39:31 DEBUG TRACK_LOST lowering pitch=1.50
2026-02-05T19:39:32 DEBUG TRACK_LOST lowering pitch=1.50
2026-02-05T19:39:32 DEBUG TRACK_LOST lowering pitch=1.50
2026-02-05T19:39:32 DEBUG TRACK_LOST lowering pitch=1.50
2026-02-05T19:39:32 DEBUG TRACK_LOST lowering pitch=1.50
2026-02-05T19:39:33 DEBUG TRACK_LOST lowering pitch=1.50
2026-02-05T19:39:33 DEBUG TRACK_LOST lowering pitch=1.50
2026-02-05T19:39:34 DEBUG TRACK_LOST lowering pitch=1.50
2026-02-05T19:39:34 DEBUG TRACK_LOST lowering pitch=1.50
2026-02-05T19:39:34 DEBUG TRACK_LOST lowering pitch=1.50
2026-02-05T19:39:34 DEBUG TRACK_LOST lowering pitch=1.50
2026-02-05T19:39:35 DEBUG TRACK_LOST lowering pitch=1.50
2026-02-05T19:39:35 DEBUG TRACK_LOST lowering pitch=1.50
2026-02-05T19:39:36 DEBUG TRACK_LOST lowering pitch=1.50
2026-02-05T19:39:36 DEBUG TRACK_LOST lowering pitch=1.50
2026-02-05T19:41:50 BASELINE roll=1.571 pitch=-0.014 yaw=-0.014
2026-02-05T19:41:54 DEBUG TARGET_LOCKED
2026-02-05T19:41:55 DEBUG TRACK_LOST lowering pitch=1.50
2026-02-05T19:41:55 DEBUG APPROACH cam=bottom yellow=0.0000 dist=None
2026-02-05T19:41:55 DEBUG TRACK_LOST lowering pitch=1.50
2026-02-05T19:41:56 DEBUG TRACK_LOST lowering pitch=1.50
2026-02-05T19:41:56 DEBUG APPROACH cam=bottom yellow=0.0000 dist=None
2026-02-05T19:41:56 DEBUG TRACK_LOST lowering pitch=1.50
2026-02-05T19:41:56 DEBUG TRACK_LOST lowering pitch=1.50
2026-02-05T19:41:56 DEBUG APPROACH cam=bottom yellow=0.0000 dist=None
2026-02-05T19:41:56 DEBUG TRACK_LOST lowering pitch=1.50
2026-02-05T19:41:57 DEBUG APPROACH cam=top yellow=0.0208 dist=2.5
2026-02-05T19:41:58 DEBUG APPROACH cam=top yellow=0.0192 dist=2.5
2026-02-05T19:41:58 DEBUG APPROACH cam=top yellow=0.0067 dist=2.5
2026-02-05T19:41:59 DEBUG LOST_TARGET -> CONTINUE
2026-02-05T19:41:59 DEBUG LOST_TARGET -> CONTINUE
2026-02-05T19:41:59 DEBUG TRACK_LOST lowering pitch=0.68
2026-02-05T19:41:59 DEBUG APPROACH cam=bottom yellow=0.0308 dist=2.5
2026-02-05T19:41:59 DEBUG LOST_TARGET -> CONTINUE
2026-02-05T19:41:59 DEBUG LOST_TARGET -> CONTINUE
2026-02-05T19:41:59 DEBUG LOST_TARGET -> CONTINUE
2026-02-05T19:41:59 DEBUG LOST_TARGET -> CONTINUE
2026-02-05T19:41:59 DEBUG LOST_TARGET -> CONTINUE
2026-02-05T19:41:59 DEBUG LOST_TARGET -> CONTINUE
2026-02-05T19:41:59 DEBUG LOST_TARGET -> CONTINUE
2026-02-05T19:42:00 DEBUG LOST_TARGET -> CONTINUE
2026-02-05T19:42:00 DEBUG LOST_TARGET -> CONTINUE
2026-02-05T19:42:00 DEBUG LOST_TARGET -> CONTINUE
2026-02-05T19:42:00 DEBUG TRACK_LOST lowering pitch=0.64
2026-02-05T19:42:00 DEBUG APPROACH cam=bottom yellow=0.0233 dist=2.5
2026-02-05T19:42:00 DEBUG LOST_TARGET -> CONTINUE
2026-02-05T19:42:00 DEBUG LOST_TARGET -> CONTINUE
2026-02-05T19:42:00 DEBUG LOST_TARGET -> CONTINUE
2026-02-05T19:42:00 DEBUG LOST_TARGET -> CONTINUE
2026-02-05T19:42:00 DEBUG LOST_TARGET -> CONTINUE
2026-02-05T19:42:00 DEBUG LOST_TARGET -> CONTINUE
2026-02-05T19:42:00 DEBUG LOST_TARGET -> CONTINUE
2026-02-05T19:42:00 DEBUG LOST_TARGET -> CONTINUE
2026-02-05T19:42:00 DEBUG LOST_TARGET -> CONTINUE
2026-02-05T19:42:00 DEBUG APPROACH cam=bottom yellow=0.0108 dist=2.5
2026-02-05T19:42:01 DEBUG LOST_TARGET -> CONTINUE
2026-02-05T19:42:01 DEBUG LOST_TARGET -> CONTINUE
2026-02-05T19:42:01 DEBUG LOST_TARGET -> CONTINUE
2026-02-05T19:42:01 DEBUG LOST_TARGET -> CONTINUE
2026-02-05T19:42:01 DEBUG LOST_TARGET -> CONTINUE
2026-02-05T19:42:01 DEBUG LOST_TARGET -> CONTINUE
2026-02-05T19:42:01 DEBUG LOST_TARGET -> CONTINUE
2026-02-05T19:42:01 DEBUG LOST_TARGET -> CONTINUE
2026-02-05T19:42:01 DEBUG LOST_TARGET -> CONTINUE
2026-02-05T19:42:01 DEBUG LOST_TARGET -> CONTINUE
2026-02-05T19:42:01 DEBUG LOST_TARGET -> CONTINUE
2026-02-05T19:42:01 DEBUG LOST_TARGET -> CONTINUE
2026-02-05T19:42:01 DEBUG LOST_TARGET -> CONTINUE
2026-02-05T19:42:01 DEBUG LOST_TARGET -> CONTINUE
2026-02-05T19:42:01 DEBUG LOST_TARGET -> CONTINUE
2026-02-05T19:42:01 DEBUG LOST_TARGET -> CONTINUE
2026-02-05T19:42:01 DEBUG TRACK_LOST lowering pitch=1.50
2026-02-05T19:42:01 DEBUG APPROACH cam=bottom yellow=0.0000 dist=None
2026-02-05T19:42:01 DEBUG TRACK_LOST lowering pitch=1.50
2026-02-05T19:42:01 DEBUG LOST_TARGET -> CONTINUE
2026-02-05T19:42:01 DEBUG LOST_TARGET -> CONTINUE
2026-02-05T19:42:01 DEBUG LOST_TARGET -> CONTINUE
2026-02-05T19:42:01 DEBUG LOST_TARGET -> CONTINUE
2026-02-05T19:42:01 DEBUG LOST_TARGET -> CONTINUE
2026-02-05T19:42:01 DEBUG LOST_TARGET -> CONTINUE
2026-02-05T19:42:01 DEBUG LOST_TARGET -> CONTINUE
2026-02-05T19:42:01 DEBUG LOST_TARGET -> CONTINUE
2026-02-05T19:42:01 DEBUG LOST_TARGET -> CONTINUE
2026-02-05T19:42:01 DEBUG LOST_TARGET -> CONTINUE
2026-02-05T19:42:01 DEBUG LOST_TARGET -> CONTINUE
2026-02-05T19:42:01 DEBUG LOST_TARGET -> CONTINUE
2026-02-05T19:42:01 DEBUG LOST_TARGET -> CONTINUE
2026-02-05T19:42:01 DEBUG LOST_TARGET -> CONTINUE
2026-02-05T19:42:02 DEBUG LOST_TARGET -> CONTINUE
2026-02-05T19:42:02 DEBUG LOST_TARGET -> CONTINUE
2026-02-05T19:42:02 DEBUG LOST_TARGET -> CONTINUE
2026-02-05T19:42:02 DEBUG LOST_TARGET -> CONTINUE
2026-02-05T19:42:02 DEBUG LOST_TARGET -> CONTINUE
2026-02-05T19:42:02 DEBUG LOST_TARGET -> CONTINUE
2026-02-05T19:42:02 DEBUG TRACK_LOST lowering pitch=1.50
2026-02-05T19:42:02 DEBUG APPROACH cam=bottom yellow=0.0000 dist=None
2026-02-05T19:42:02 DEBUG TRACK_LOST lowering pitch=1.50
2026-02-05T19:42:02 DEBUG LOST_TARGET -> CONTINUE
2026-02-05T19:42:02 DEBUG LOST_TARGET -> CONTINUE
2026-02-05T19:42:02 DEBUG LOST_TARGET -> CONTINUE
2026-02-05T19:42:02 DEBUG LOST_TARGET -> CONTINUE
2026-02-05T19:42:02 DEBUG LOST_TARGET -> CONTINUE
2026-02-05T19:42:02 DEBUG LOST_TARGET -> CONTINUE
2026-02-05T19:42:02 DEBUG LOST_TARGET -> CONTINUE
2026-02-05T19:42:02 DEBUG LOST_TARGET -> CONTINUE
2026-02-05T19:42:02 DEBUG LOST_TARGET -> CONTINUE
2026-02-05T19:42:02 DEBUG LOST_TARGET -> CONTINUE
2026-02-05T19:42:02 DEBUG LOST_TARGET -> CONTINUE
2026-02-05T19:42:02 DEBUG LOST_TARGET -> CONTINUE
2026-02-05T19:42:02 DEBUG LOST_TARGET -> CONTINUE
2026-02-05T19:42:02 DEBUG LOST_TARGET -> CONTINUE
2026-02-05T19:42:02 DEBUG LOST_TARGET -> CONTINUE
2026-02-05T19:42:02 DEBUG LOST_TARGET -> CONTINUE
2026-02-05T19:42:02 DEBUG LOST_TARGET -> CONTINUE
2026-02-05T19:42:02 DEBUG LOST_TARGET -> CONTINUE
2026-02-05T19:42:02 DEBUG LOST_TARGET -> CONTINUE
2026-02-05T19:42:02 DEBUG LOST_TARGET -> CONTINUE
2026-02-05T19:42:02 DEBUG TRACK_LOST lowering pitch=1.50
2026-02-05T19:42:02 DEBUG APPROACH cam=bottom yellow=0.0000 dist=None
2026-02-05T19:42:02 DEBUG TRACK_LOST lowering pitch=1.50
2026-02-05T19:42:02 DEBUG LOST_TARGET -> CONTINUE
2026-02-05T19:42:02 DEBUG LOST_TARGET -> CONTINUE
2026-02-05T19:42:02 DEBUG LOST_TARGET -> CONTINUE
2026-02-05T19:42:02 DEBUG LOST_TARGET -> CONTINUE
2026-02-05T19:42:02 DEBUG LOST_TARGET -> CONTINUE
2026-02-05T19:42:03 DEBUG LOST_TARGET -> CONTINUE
2026-02-05T19:42:03 DEBUG LOST_TARGET -> CONTINUE
2026-02-05T19:42:03 DEBUG LOST_TARGET -> CONTINUE
2026-02-05T19:42:03 DEBUG LOST_TARGET -> CONTINUE
2026-02-05T19:42:03 DEBUG LOST_TARGET -> CONTINUE
2026-02-05T19:42:03 DEBUG LOST_TARGET -> CONTINUE
2026-02-05T19:42:03 DEBUG LOST_TARGET -> CONTINUE
2026-02-05T19:42:03 DEBUG LOST_TARGET -> CONTINUE
2026-02-05T19:42:03 DEBUG LOST_TARGET -> CONTINUE
2026-02-05T19:42:03 DEBUG LOST_TARGET -> CONTINUE
2026-02-05T19:42:03 DEBUG LOST_TARGET -> CONTINUE
2026-02-05T19:42:03 DEBUG LOST_TARGET -> CONTINUE
2026-02-05T19:42:03 DEBUG LOST_TARGET -> CONTINUE
2026-02-05T19:42:03 DEBUG LOST_TARGET -> CONTINUE
2026-02-05T19:42:03 DEBUG LOST_TARGET -> CONTINUE
2026-02-05T19:42:03 DEBUG TRACK_LOST lowering pitch=1.50
2026-02-05T19:42:03 DEBUG APPROACH cam=bottom yellow=0.0000 dist=None
2026-02-05T19:42:03 DEBUG TRACK_LOST lowering pitch=1.50
2026-02-05T19:42:03 DEBUG LOST_TARGET -> CONTINUE
2026-02-05T19:42:03 DEBUG LOST_TARGET -> CONTINUE
2026-02-05T19:42:03 DEBUG LOST_TARGET -> CONTINUE
2026-02-05T19:42:03 DEBUG LOST_TARGET -> CONTINUE
2026-02-05T19:42:03 DEBUG LOST_TARGET -> CONTINUE
2026-02-05T19:42:03 DEBUG LOST_TARGET -> CONTINUE
2026-02-05T19:42:03 DEBUG LOST_TARGET -> CONTINUE
2026-02-05T19:42:03 DEBUG LOST_TARGET -> CONTINUE
2026-02-05T19:42:03 DEBUG LOST_TARGET -> CONTINUE
2026-02-05T19:42:03 DEBUG LOST_TARGET -> CONTINUE
2026-02-05T19:42:03 DEBUG LOST_TARGET -> CONTINUE
2026-02-05T19:42:03 DEBUG LOST_TARGET -> CONTINUE
2026-02-05T19:42:03 DEBUG LOST_TARGET -> CONTINUE
2026-02-05T19:42:03 DEBUG LOST_TARGET -> CONTINUE
2026-02-05T19:42:03 DEBUG LOST_TARGET -> CONTINUE
2026-02-05T19:42:03 DEBUG LOST_TARGET -> CONTINUE
2026-02-05T19:42:04 DEBUG LOST_TARGET -> CONTINUE
2026-02-05T19:42:04 DEBUG FOOT_CONTACT -> PICKUP
2026-02-05T19:42:04 DEBUG TRACK_LOST lowering pitch=1.50
2026-02-05T19:42:04 DEBUG TRACK_LOST lowering pitch=1.50
2026-02-05T19:42:04 DEBUG TRACK_LOST lowering pitch=1.50
2026-02-05T19:42:04 DEBUG TRACK_LOST lowering pitch=1.50
2026-02-05T19:42:05 DEBUG TRACK_LOST lowering pitch=1.50
2026-02-05T19:42:05 DEBUG TRACK_LOST lowering pitch=1.50
2026-02-05T19:42:06 DEBUG TRACK_LOST lowering pitch=1.50
2026-02-05T19:42:06 DEBUG TRACK_LOST lowering pitch=1.50
2026-02-05T19:42:07 DEBUG TRACK_LOST lowering pitch=0.64
2026-02-05T19:42:08 DEBUG TRACK_LOST lowering pitch=0.68
2026-02-05T19:42:08 DEBUG TRACK_LOST lowering pitch=0.66
2026-02-05T19:42:09 FALL roll=1.947 pitch=-0.752 yaw=-1.052
2026-02-05T19:42:09 DEBUG TRACK_LOST lowering pitch=1.50
2026-02-05T19:42:09 DEBUG TRACK_LOST lowering pitch=1.50
2026-02-05T19:44:55 BASELINE roll=1.571 pitch=-0.014 yaw=-0.014
2026-02-05T19:44:59 DEBUG TARGET_LOCKED
2026-02-05T19:44:59 DEBUG TRACK_LOST lowering pitch=1.50
2026-02-05T19:44:59 DEBUG APPROACH cam=bottom yellow=0.0000 dist=None
2026-02-05T19:44:59 DEBUG TRACK_LOST lowering pitch=1.50
2026-02-05T19:45:00 DEBUG TRACK_LOST lowering pitch=1.50
2026-02-05T19:45:00 DEBUG APPROACH cam=bottom yellow=0.0000 dist=None
2026-02-05T19:45:00 DEBUG TRACK_LOST lowering pitch=1.50
2026-02-05T19:45:00 DEBUG LOST_TARGET -> PICKUP
2026-02-05T19:45:01 DEBUG TRACK_LOST lowering pitch=1.50
2026-02-05T19:45:01 DEBUG TRACK_LOST lowering pitch=1.50
2026-02-05T19:45:02 DEBUG TRACK_LOST lowering pitch=1.50
2026-02-05T19:45:02 DEBUG TRACK_LOST lowering pitch=1.50
2026-02-05T19:45:03 DEBUG TRACK_LOST lowering pitch=1.50
2026-02-05T19:45:03 DEBUG TRACK_LOST lowering pitch=1.50
2026-02-05T19:45:03 DEBUG TRACK_LOST lowering pitch=1.50
2026-02-05T19:45:03 DEBUG TRACK_LOST lowering pitch=1.50
2026-02-05T19:45:04 DEBUG TRACK_LOST lowering pitch=1.50
2026-02-05T19:45:04 DEBUG TRACK_LOST lowering pitch=1.50
2026-02-05T19:45:05 DEBUG TRACK_LOST lowering pitch=1.50
2026-02-05T19:45:05 DEBUG TRACK_LOST lowering pitch=1.50
2026-02-05T19:45:06 FALL roll=2.287 pitch=-0.506 yaw=-1.033
2026-02-05T19:45:06 DEBUG TRACK_LOST lowering pitch=1.50
2026-02-05T19:45:06 DEBUG TRACK_LOST lowering pitch=1.50
2026-02-05T19:45:07 DEBUG TRACK_LOST lowering pitch=1.50
2026-02-05T19:45:07 DEBUG TRACK_LOST lowering pitch=1.50
2026-02-05T19:45:07 DEBUG TRACK_LOST lowering pitch=1.50
2026-02-05T19:45:07 DEBUG TRACK_LOST lowering pitch=1.50
2026-02-05T19:45:08 DEBUG TRACK_LOST lowering pitch=1.50
2026-02-05T19:45:08 DEBUG TRACK_LOST lowering pitch=1.50
2026-02-05T19:45:11 BASELINE roll=1.571 pitch=-0.014 yaw=-0.014
2026-02-05T19:45:15 DEBUG TARGET_LOCKED
2026-02-05T19:45:15 DEBUG TRACK_LOST lowering pitch=1.50
2026-02-05T19:45:15 DEBUG APPROACH cam=bottom yellow=0.0000 dist=None
2026-02-05T19:45:15 DEBUG TRACK_LOST lowering pitch=1.50
2026-02-05T19:45:16 DEBUG TRACK_LOST lowering pitch=1.50
2026-02-05T19:45:16 DEBUG APPROACH cam=bottom yellow=0.0000 dist=None
2026-02-05T19:45:16 DEBUG TRACK_LOST lowering pitch=1.50
2026-02-05T19:45:16 DEBUG LOST_TARGET -> PICKUP
2026-02-05T19:45:17 DEBUG TRACK_LOST lowering pitch=1.50
2026-02-05T19:45:17 DEBUG TRACK_LOST lowering pitch=1.50
2026-02-05T19:45:18 DEBUG TRACK_LOST lowering pitch=1.50
2026-02-05T19:45:18 DEBUG TRACK_LOST lowering pitch=1.50
2026-02-05T19:47:34 BASELINE roll=1.571 pitch=-0.014 yaw=-0.014
2026-02-05T19:47:38 DEBUG TARGET_LOCKED
2026-02-05T19:47:38 DEBUG TRACK_LOST lowering pitch=1.50
2026-02-05T19:47:38 DEBUG APPROACH cam=bottom yellow=0.0000 dist=None
2026-02-05T19:47:38 DEBUG TRACK_LOST lowering pitch=1.50
2026-02-05T19:47:39 DEBUG TRACK_LOST lowering pitch=1.50
2026-02-05T19:47:39 DEBUG APPROACH cam=bottom yellow=0.0000 dist=None
2026-02-05T19:47:39 DEBUG TRACK_LOST lowering pitch=1.50
2026-02-05T19:47:40 DEBUG TRACK_LOST lowering pitch=1.50
2026-02-05T19:47:40 DEBUG APPROACH cam=bottom yellow=0.0000 dist=None
2026-02-05T19:47:40 DEBUG TRACK_LOST lowering pitch=1.50
2026-02-05T19:47:40 DEBUG APPROACH cam=top yellow=0.0208 dist=2.5
2026-02-05T19:47:41 DEBUG APPROACH cam=top yellow=0.0192 dist=2.5
2026-02-05T19:47:42 DEBUG APPROACH cam=top yellow=0.0067 dist=2.5
2026-02-05T19:47:42 DEBUG TRACK_LOST lowering pitch=0.68
2026-02-05T19:47:42 DEBUG APPROACH cam=bottom yellow=0.0308 dist=2.5
2026-02-05T19:47:43 DEBUG TRACK_LOST lowering pitch=0.64
2026-02-05T19:47:43 DEBUG APPROACH cam=bottom yellow=0.0233 dist=2.5
2026-02-05T19:47:44 DEBUG APPROACH cam=bottom yellow=0.0108 dist=2.5
2026-02-05T19:47:44 DEBUG TRACK_LOST lowering pitch=1.50
2026-02-05T19:47:44 DEBUG APPROACH cam=bottom yellow=0.0000 dist=None
2026-02-05T19:47:44 DEBUG TRACK_LOST lowering pitch=1.50
2026-02-05T19:47:45 DEBUG TRACK_LOST lowering pitch=1.50
2026-02-05T19:47:45 DEBUG APPROACH cam=bottom yellow=0.0000 dist=None
2026-02-05T19:47:45 DEBUG TRACK_LOST lowering pitch=1.50
2026-02-05T19:47:46 DEBUG TRACK_LOST lowering pitch=1.50
2026-02-05T19:47:46 DEBUG APPROACH cam=bottom yellow=0.0000 dist=None
2026-02-05T19:47:46 DEBUG TRACK_LOST lowering pitch=1.50
2026-02-05T19:47:46 DEBUG TRACK_LOST lowering pitch=1.50
2026-02-05T19:47:46 DEBUG APPROACH cam=bottom yellow=0.0000 dist=None
2026-02-05T19:47:46 DEBUG TRACK_LOST lowering pitch=1.50
2026-02-05T19:47:47 DEBUG FOOT_CONTACT -> PICKUP
2026-02-05T19:47:47 DEBUG TRACK_LOST lowering pitch=1.50
2026-02-05T19:47:47 DEBUG TRACK_LOST lowering pitch=1.50
2026-02-05T19:47:47 DEBUG TRACK_LOST lowering pitch=1.50
2026-02-05T19:47:47 DEBUG TRACK_LOST lowering pitch=1.50
2026-02-05T19:47:48 DEBUG TRACK_LOST lowering pitch=1.50
2026-02-05T19:47:48 DEBUG TRACK_LOST lowering pitch=1.50
2026-02-05T19:47:49 DEBUG TRACK_LOST lowering pitch=1.50
2026-02-05T19:47:49 DEBUG TRACK_LOST lowering pitch=1.50
2026-02-05T19:47:50 DEBUG TRACK_LOST lowering pitch=0.64
2026-02-05T19:47:51 DEBUG TRACK_LOST lowering pitch=0.68
2026-02-05T19:47:51 DEBUG TRACK_LOST lowering pitch=0.66
2026-02-05T19:47:52 FALL roll=1.947 pitch=-0.752 yaw=-1.052
2026-02-05T19:47:53 DEBUG TRACK_LOST lowering pitch=1.50
2026-02-05T19:47:53 DEBUG TRACK_LOST lowering pitch=1.50
2026-02-05T19:47:53 DEBUG TRACK_LOST lowering pitch=1.50
2026-02-05T19:47:53 DEBUG TRACK_LOST lowering pitch=1.50
